<?xml version="1.0" encoding="UTF-8"?>
<testsuites name="jest tests" tests="3" failures="0" errors="0" time="0.795">
  <testsuite name="undefined" errors="0" failures="0" skipped="0" timestamp="2025-12-10T03:24:09" time="0.686" tests="3">
    <testcase classname="" name="updateUserProfile updates theme and returns updated user" time="0.022">
    </testcase>
    <testcase classname="" name="updateUserProfile returns 404 when user not found" time="0.014">
    </testcase>
    <testcase classname="" name="updateUserProfile preserves theme when none provided" time="0.01">
    </testcase>
  </testsuite>
</testsuites>